<?xml version="1.0" encoding="UTF-8"?>
<!-- Generated by org.testng.reporters.JUnitReportReporter -->
<testsuite hostname="LAPTOP-VA1EAFHF" failures="0" tests="1" name="com.amazon.test.AmazonTest" time="120.669" errors="0" timestamp="7 Jun 2018 18:30:09 GMT">
  <testcase classname="com.amazon.test.AmazonTest" name="groupSetup" time="120.669"/>
</testsuite> <!-- com.amazon.test.AmazonTest -->
